#-----------------------------------------------------------
# Vivado v2020.1 (64-bit)
# SW Build 2902540 on Wed May 27 19:54:49 MDT 2020
# IP Build 2902112 on Wed May 27 22:43:36 MDT 2020
# Start of session at: Thu Nov 16 02:01:38 2023
# Process ID: 31452
# Current directory: C:/Users/zrh463259112/Desktop/Apriltag_Zynq/pl
# Command line: vivado.exe -gui_launcher_event rodinguilauncherevent32496 C:\Users\zrh463259112\Desktop\Apriltag_Zynq\pl\prj.xpr
# Log file: C:/Users/zrh463259112/Desktop/Apriltag_Zynq/pl/vivado.log
# Journal file: C:/Users/zrh463259112/Desktop/Apriltag_Zynq/pl\vivado.jou
#-----------------------------------------------------------
start_gui
open_project C:/Users/zrh463259112/Desktop/Apriltag_Zynq/pl/prj.xpr
Scanning sources...
Finished scanning sources
INFO: [IP_Flow 19-234] Refreshing IP repositories
INFO: [IP_Flow 19-1700] Loaded user IP repository 'c:/Users/zrh463259112/Desktop/apriltag_demo/ip_repo'.
INFO: [IP_Flow 19-1700] Loaded user IP repository 'c:/Users/zrh463259112/Desktop/AprilZynq/main_system/prj/project_1.srcs/sources_1/ip'.
INFO: [IP_Flow 19-2313] Loaded Vivado IP repository 'D:/Xilinx_Vitis/Vivado/2020.1/data/ip'.
open_project: Time (s): cpu = 00:00:17 ; elapsed = 00:00:12 . Memory (MB): peak = 1111.090 ; gain = 0.000
update_compile_order -fileset sources_1
set_property pfm_name {} [get_files -all {C:/Users/zrh463259112/Desktop/Apriltag_Zynq/pl/prj.srcs/sources_1/bd/design_1/design_1.bd}]
write_hw_platform -fixed -include_bit -force -file C:/Users/zrh463259112/Desktop/Apriltag_Zynq/ps/xsa/top.xsa
INFO: [Vivado 12-4895] Creating Hardware Platform: C:/Users/zrh463259112/Desktop/Apriltag_Zynq/ps/xsa/top.xsa ...
INFO: [Hsi 55-2053] elapsed time for repository (D:/Xilinx_Vitis/Vivado/2020.1/data\embeddedsw) loading 0 seconds
INFO: [Vivado 12-4896] Successfully created Hardware Platform: C:/Users/zrh463259112/Desktop/Apriltag_Zynq/ps/xsa/top.xsa
write_hw_platform: Time (s): cpu = 00:00:29 ; elapsed = 00:00:28 . Memory (MB): peak = 1486.637 ; gain = 23.199
exit
INFO: [Common 17-206] Exiting Vivado at Thu Nov 16 02:02:54 2023...
