Copyright 1986-2020 Xilinx, Inc. All Rights Reserved.
-----------------------------------------------------------------------------------------------------------------------------
| Tool Version : Vivado v.2020.1 (win64) Build 2902540 Wed May 27 19:54:49 MDT 2020
| Date         : Sat Jun 10 13:56:02 2023
| Host         : LAPTOP-LC3M2DQ5 running 64-bit major release  (build 9200)
| Command      : report_utilization -file design_1_wrapper_utilization_placed.rpt -pb design_1_wrapper_utilization_placed.pb
| Design       : design_1_wrapper
| Device       : xczu2cgsfvc784-1
| Design State : Fully Placed
-----------------------------------------------------------------------------------------------------------------------------

Utilization Design Information

Table of Contents
-----------------
1. CLB Logic
1.1 Summary of Registers by Type
2. CLB Logic Distribution
3. BLOCKRAM
4. ARITHMETIC
5. I/O
6. CLOCK
7. ADVANCED
8. CONFIGURATION
9. Primitives
10. Black Boxes
11. Instantiated Netlists

1. CLB Logic
------------

+----------------------------+-------+-------+-----------+-------+
|          Site Type         |  Used | Fixed | Available | Util% |
+----------------------------+-------+-------+-----------+-------+
| CLB LUTs                   | 26738 |     0 |     47232 | 56.61 |
|   LUT as Logic             | 20759 |     0 |     47232 | 43.95 |
|   LUT as Memory            |  5979 |     0 |     28800 | 20.76 |
|     LUT as Distributed RAM |   272 |     0 |           |       |
|     LUT as Shift Register  |  5707 |     0 |           |       |
| CLB Registers              | 31585 |     0 |     94464 | 33.44 |
|   Register as Flip Flop    | 31585 |     0 |     94464 | 33.44 |
|   Register as Latch        |     0 |     0 |     94464 |  0.00 |
| CARRY8                     |  1171 |     0 |      8820 | 13.28 |
| F7 Muxes                   |   688 |     0 |     35280 |  1.95 |
| F8 Muxes                   |   198 |     0 |     17640 |  1.12 |
| F9 Muxes                   |     0 |     0 |      8820 |  0.00 |
+----------------------------+-------+-------+-----------+-------+


1.1 Summary of Registers by Type
--------------------------------

+-------+--------------+-------------+--------------+
| Total | Clock Enable | Synchronous | Asynchronous |
+-------+--------------+-------------+--------------+
| 0     |            _ |           - |            - |
| 0     |            _ |           - |          Set |
| 0     |            _ |           - |        Reset |
| 0     |            _ |         Set |            - |
| 0     |            _ |       Reset |            - |
| 0     |          Yes |           - |            - |
| 123   |          Yes |           - |          Set |
| 393   |          Yes |           - |        Reset |
| 371   |          Yes |         Set |            - |
| 30698 |          Yes |       Reset |            - |
+-------+--------------+-------------+--------------+


2. CLB Logic Distribution
-------------------------

+--------------------------------------------+-------+-------+-----------+-------+
|                  Site Type                 |  Used | Fixed | Available | Util% |
+--------------------------------------------+-------+-------+-----------+-------+
| CLB                                        |  5714 |     0 |      8820 | 64.78 |
|   CLBL                                     |  3489 |     0 |           |       |
|   CLBM                                     |  2225 |     0 |           |       |
| LUT as Logic                               | 20759 |     0 |     47232 | 43.95 |
|   using O5 output only                     |   584 |       |           |       |
|   using O6 output only                     | 16256 |       |           |       |
|   using O5 and O6                          |  3919 |       |           |       |
| LUT as Memory                              |  5979 |     0 |     28800 | 20.76 |
|   LUT as Distributed RAM                   |   272 |     0 |           |       |
|     using O5 output only                   |     0 |       |           |       |
|     using O6 output only                   |   128 |       |           |       |
|     using O5 and O6                        |   144 |       |           |       |
|   LUT as Shift Register                    |  5707 |     0 |           |       |
|     using O5 output only                   |     0 |       |           |       |
|     using O6 output only                   |   489 |       |           |       |
|     using O5 and O6                        |  5218 |       |           |       |
| CLB Registers                              | 31585 |     0 |     94464 | 33.44 |
|   Register driven from within the CLB      | 16317 |       |           |       |
|   Register driven from outside the CLB     | 15268 |       |           |       |
|     LUT in front of the register is unused | 10765 |       |           |       |
|     LUT in front of the register is used   |  4503 |       |           |       |
| Unique Control Sets                        |  1359 |       |     17640 |  7.70 |
+--------------------------------------------+-------+-------+-----------+-------+
* * Note: Available Control Sets calculated as Slices * 2, Review the Control Sets Report for more information regarding control sets.


3. BLOCKRAM
-----------

+-------------------+-------+-------+-----------+-------+
|     Site Type     |  Used | Fixed | Available | Util% |
+-------------------+-------+-------+-----------+-------+
| Block RAM Tile    | 127.5 |     0 |       150 | 85.00 |
|   RAMB36/FIFO*    |   123 |     0 |       150 | 82.00 |
|     RAMB36E2 only |   123 |       |           |       |
|   RAMB18          |     9 |     0 |       300 |  3.00 |
|     RAMB18E2 only |     9 |       |           |       |
+-------------------+-------+-------+-----------+-------+
* Note: Each Block RAM Tile only has one FIFO logic available and therefore can accommodate only one FIFO36E2 or one FIFO18E2. However, if a FIFO18E2 occupies a Block RAM Tile, that tile can still accommodate a RAMB18E2


4. ARITHMETIC
-------------

+----------------+------+-------+-----------+-------+
|    Site Type   | Used | Fixed | Available | Util% |
+----------------+------+-------+-----------+-------+
| DSPs           |   12 |     0 |       240 |  5.00 |
|   DSP48E2 only |   12 |       |           |       |
+----------------+------+-------+-----------+-------+


5. I/O
------

+------------------+------+-------+-----------+-------+
|     Site Type    | Used | Fixed | Available | Util% |
+------------------+------+-------+-----------+-------+
| Bonded IOB       |   19 |    19 |       252 |  7.54 |
| HPIOB_M          |    3 |     3 |        72 |  4.17 |
|   INPUT          |    3 |       |           |       |
|   OUTPUT         |    0 |       |           |       |
|   BIDIR          |    0 |       |           |       |
| HPIOB_S          |    3 |     3 |        72 |  4.17 |
|   INPUT          |    3 |       |           |       |
|   OUTPUT         |    0 |       |           |       |
|   BIDIR          |    0 |       |           |       |
| HDIOB_M          |    6 |     6 |        48 | 12.50 |
|   INPUT          |    0 |       |           |       |
|   OUTPUT         |    1 |       |           |       |
|   BIDIR          |    5 |       |           |       |
| HDIOB_S          |    7 |     7 |        48 | 14.58 |
|   INPUT          |    1 |       |           |       |
|   OUTPUT         |    0 |       |           |       |
|   BIDIR          |    6 |       |           |       |
| HPIOB_SNGL       |    0 |     0 |        12 |  0.00 |
| HPIOBDIFFINBUF   |    3 |     3 |        72 |  4.17 |
| HPIOBDIFFOUTBUF  |    0 |     0 |        72 |  0.00 |
| HDIOBDIFFINBUF   |    0 |     0 |        48 |  0.00 |
| BITSLICE_CONTROL |    1 |     0 |        24 |  4.17 |
| BITSLICE_RX_TX   |    3 |     3 |       156 |  1.92 |
|   RX_BITSLICE    |    3 |     3 |           |       |
| BITSLICE_TX      |    0 |     0 |        24 |  0.00 |
| RIU_OR           |    0 |     0 |        12 |  0.00 |
+------------------+------+-------+-----------+-------+


6. CLOCK
--------

+----------------------+------+-------+-----------+-------+
|       Site Type      | Used | Fixed | Available | Util% |
+----------------------+------+-------+-----------+-------+
| GLOBAL CLOCK BUFFERs |    6 |     0 |       196 |  3.06 |
|   BUFGCE             |    4 |     0 |        88 |  4.55 |
|   BUFGCE_DIV         |    0 |     0 |        12 |  0.00 |
|   BUFG_PS            |    2 |     0 |        72 |  2.78 |
|   BUFGCTRL*          |    0 |     0 |        24 |  0.00 |
| PLL                  |    1 |     0 |         6 | 16.67 |
| MMCM                 |    0 |     0 |         3 |  0.00 |
+----------------------+------+-------+-----------+-------+
* Note: Each used BUFGCTRL counts as two GLOBAL CLOCK BUFFERs. This table does not include global clocking resources, only buffer cell usage. See the Clock Utilization Report (report_clock_utilization) for detailed accounting of global clocking resource availability.


7. ADVANCED
-----------

+-----------+------+-------+-----------+--------+
| Site Type | Used | Fixed | Available |  Util% |
+-----------+------+-------+-----------+--------+
| PS8       |    1 |     0 |         1 | 100.00 |
| SYSMONE4  |    0 |     0 |         1 |   0.00 |
+-----------+------+-------+-----------+--------+


8. CONFIGURATION
----------------

+-------------+------+-------+-----------+-------+
|  Site Type  | Used | Fixed | Available | Util% |
+-------------+------+-------+-----------+-------+
| BSCANE2     |    1 |     0 |         4 | 25.00 |
| DNA_PORTE2  |    0 |     0 |         1 |  0.00 |
| EFUSE_USR   |    0 |     0 |         1 |  0.00 |
| FRAME_ECCE4 |    0 |     0 |         1 |  0.00 |
| ICAPE3      |    0 |     0 |         2 |  0.00 |
| MASTER_JTAG |    0 |     0 |         1 |  0.00 |
| STARTUPE3   |    0 |     0 |         1 |  0.00 |
+-------------+------+-------+-----------+-------+


9. Primitives
-------------

+------------------+-------+---------------------+
|     Ref Name     |  Used | Functional Category |
+------------------+-------+---------------------+
| FDRE             | 30698 |            Register |
| LUT6             | 10342 |                 CLB |
| SRL16E           |  5949 |                 CLB |
| SRLC32E          |  4974 |                 CLB |
| LUT4             |  4610 |                 CLB |
| LUT3             |  3256 |                 CLB |
| LUT2             |  3245 |                 CLB |
| LUT5             |  2568 |                 CLB |
| CARRY8           |  1171 |                 CLB |
| MUXF7            |   688 |                 CLB |
| LUT1             |   657 |                 CLB |
| FDCE             |   393 |            Register |
| FDSE             |   371 |            Register |
| RAMD32           |   252 |                 CLB |
| MUXF8            |   198 |                 CLB |
| RAMD64E          |   128 |                 CLB |
| RAMB36E2         |   123 |           Block Ram |
| FDPE             |   123 |            Register |
| RAMS32           |    36 |                 CLB |
| IBUFCTRL         |    15 |              Others |
| INBUF            |    12 |                 I/O |
| DSP48E2          |    12 |          Arithmetic |
| OBUFT            |    11 |                 I/O |
| RAMB18E2         |     9 |           Block Ram |
| BUFGCE           |     4 |               Clock |
| RX_BITSLICE      |     3 |                 I/O |
| DPHY_DIFFINBUF   |     3 |              Others |
| SRLC16E          |     2 |                 CLB |
| BUFG_PS          |     2 |               Clock |
| PS8              |     1 |            Advanced |
| PLLE4_ADV        |     1 |               Clock |
| OBUF             |     1 |                 I/O |
| BSCANE2          |     1 |       Configuration |
| BITSLICE_CONTROL |     1 |                 I/O |
+------------------+-------+---------------------+


10. Black Boxes
---------------

+----------+------+
| Ref Name | Used |
+----------+------+


11. Instantiated Netlists
-------------------------

+------------------------------------+------+
|              Ref Name              | Used |
+------------------------------------+------+
| design_1_zynq_ultra_ps_e_0_0       |    1 |
| design_1_xbar_1                    |    1 |
| design_1_xbar_0                    |    1 |
| design_1_v_rgb2ycrcb_0_0           |    1 |
| design_1_v_gamma_lut_0_0           |    1 |
| design_1_v_demosaic_0_0            |    1 |
| design_1_system_ila_0_0            |    1 |
| design_1_proc_sys_reset_150M_0     |    1 |
| design_1_mipi_csi2_rx_subsyst_0_0  |    1 |
| design_1_axis_subset_converter_0_1 |    1 |
| design_1_axis_subset_converter_0_0 |    1 |
| design_1_axis_broadcaster_0_0      |    1 |
| design_1_axi_vdma_0_1              |    1 |
| design_1_axi_vdma_0_0              |    1 |
| design_1_auto_us_1                 |    1 |
| design_1_auto_us_0                 |    1 |
| design_1_auto_pc_0                 |    1 |
| dbg_hub                            |    1 |
| bd_d10d_xbar_0                     |    1 |
| bd_d10d_vfb_0_0                    |    1 |
| bd_d10d_rx_0                       |    1 |
| bd_d10d_r_sync_0                   |    1 |
| bd_d10d_phy_0                      |    1 |
+------------------------------------+------+


