Copyright 1986-2020 Xilinx, Inc. All Rights Reserved.
-------------------------------------------------------------------------------------------------------------------------------
| Tool Version     : Vivado v.2020.1 (win64) Build 2902540 Wed May 27 19:54:49 MDT 2020
| Date             : Thu Nov 16 01:56:15 2023
| Host             : LAPTOP-LC3M2DQ5 running 64-bit major release  (build 9200)
| Command          : report_power -file top_power_routed.rpt -pb top_power_summary_routed.pb -rpx top_power_routed.rpx
| Design           : top
| Device           : xczu2cg-sfvc784-1-i
| Design State     : routed
| Grade            : industrial
| Process          : typical
| Characterization : Production
-------------------------------------------------------------------------------------------------------------------------------

Power Report

Table of Contents
-----------------
1. Summary
1.1 On-Chip Components
1.2 Power Supply Summary
1.3 Confidence Level
2. Settings
2.1 Environment
2.2 Clock Constraints
3. Detailed Reports
3.1 By Hierarchy

1. Summary
----------

+--------------------------+--------------+
| Total On-Chip Power (W)  | 3.386        |
| Design Power Budget (W)  | Unspecified* |
| Power Budget Margin (W)  | NA           |
| Dynamic (W)              | 3.047        |
| Device Static (W)        | 0.340        |
| Effective TJA (C/W)      | 2.4          |
| Max Ambient (C)          | 92.0         |
| Junction Temperature (C) | 33.0         |
| Confidence Level         | Low          |
| Setting File             | ---          |
| Simulation Activity File | ---          |
| Design Nets Matched      | NA           |
+--------------------------+--------------+
* Specify Design Power Budget using, set_operating_conditions -design_power_budget <value in Watts>


1.1 On-Chip Components
----------------------

+--------------------------+-----------+----------+-----------+-----------------+
| On-Chip                  | Power (W) | Used     | Available | Utilization (%) |
+--------------------------+-----------+----------+-----------+-----------------+
| Clocks                   |     0.158 |        9 |       --- |             --- |
| CLB Logic                |     0.119 |   126501 |       --- |             --- |
|   LUT as Logic           |     0.091 |    33092 |     47232 |           70.06 |
|   Register               |     0.020 |    75112 |     94464 |           79.51 |
|   LUT as Shift Register  |     0.004 |      798 |     28800 |            2.77 |
|   CARRY8                 |     0.003 |      551 |      8820 |            6.25 |
|   LUT as Distributed RAM |    <0.001 |      120 |     28800 |            0.42 |
|   BUFG                   |    <0.001 |        3 |        24 |           12.50 |
|   Others                 |     0.000 |     1455 |       --- |             --- |
|   F7/F8 Muxes            |     0.000 |    11346 |     70560 |           16.08 |
| Signals                  |     0.236 |    94762 |       --- |             --- |
| Block RAM                |     0.072 |       89 |       150 |           59.33 |
| PLL                      |     0.061 |        1 |       --- |             --- |
| DSPs                     |     0.011 |       13 |       240 |            5.42 |
| I/O                      |     0.107 |       19 |       252 |            7.54 |
| PS8                      |     2.283 |        1 |       --- |             --- |
| Static Power             |     0.340 |          |           |                 |
|   PS Static              |     0.097 |          |           |                 |
|   PL Static              |     0.243 |          |           |                 |
| Total                    |     3.386 |          |           |                 |
+--------------------------+-----------+----------+-----------+-----------------+


1.2 Power Supply Summary
------------------------

+-----------------+-------------+-----------+-------------+------------+-------------+-------------+------------+
| Source          | Voltage (V) | Total (A) | Dynamic (A) | Static (A) | Powerup (A) | Budget (A)  | Margin (A) |
+-----------------+-------------+-----------+-------------+------------+-------------+-------------+------------+
| Vccint          |       0.850 |     0.759 |       0.699 |      0.060 |       NA    | Unspecified | NA         |
| Vccint_io       |       0.850 |     0.034 |       0.007 |      0.028 |       NA    | Unspecified | NA         |
| Vccbram         |       0.850 |     0.005 |       0.004 |      0.001 |       NA    | Unspecified | NA         |
| Vccaux          |       1.800 |     0.080 |       0.033 |      0.047 |       NA    | Unspecified | NA         |
| Vccaux_io       |       1.800 |     0.039 |       0.014 |      0.025 |       NA    | Unspecified | NA         |
| Vcco33          |       3.300 |     0.029 |       0.023 |      0.007 |       NA    | Unspecified | NA         |
| Vcco25          |       2.500 |     0.000 |       0.000 |      0.000 |       NA    | Unspecified | NA         |
| Vcco18          |       1.800 |     0.000 |       0.000 |      0.000 |       NA    | Unspecified | NA         |
| Vcco15          |       1.500 |     0.000 |       0.000 |      0.000 |       NA    | Unspecified | NA         |
| Vcco135         |       1.350 |     0.000 |       0.000 |      0.000 |       NA    | Unspecified | NA         |
| Vcco12          |       1.200 |     0.001 |       0.001 |      0.000 |       NA    | Unspecified | NA         |
| Vcco10          |       1.000 |     0.000 |       0.000 |      0.000 |       NA    | Unspecified | NA         |
| Vccadc          |       1.800 |     0.008 |       0.000 |      0.008 |       NA    | Unspecified | NA         |
| VCC_PSINTFP     |       0.850 |     0.451 |       0.421 |      0.031 |       NA    | Unspecified | NA         |
| VCC_PSINTLP     |       0.850 |     0.258 |       0.250 |      0.008 |       NA    | Unspecified | NA         |
| VPS_MGTRAVCC    |       0.850 |     0.119 |       0.118 |      0.001 |       NA    | Unspecified | NA         |
| VCC_PSINTFP_DDR |       0.850 |     0.821 |       0.816 |      0.005 |       NA    | Unspecified | NA         |
| VCC_PSPLL       |       1.200 |     0.075 |       0.073 |      0.002 |       NA    | Unspecified | NA         |
| VPS_MGTRAVTT    |       1.800 |     0.034 |       0.033 |      0.001 |       NA    | Unspecified | NA         |
| VCCO_PSDDR_504  |       1.200 |     0.677 |       0.643 |      0.034 |       NA    | Unspecified | NA         |
| VCC_PSAUX       |       1.800 |     0.002 |       0.000 |      0.002 |       NA    | Unspecified | NA         |
| VCC_PSBATT      |       1.200 |     0.000 |       0.000 |      0.000 |       NA    | Unspecified | NA         |
| VCC_PSDDR_PLL   |       1.800 |     0.001 |       0.000 |      0.001 |       NA    | Unspecified | NA         |
| VCCO_PSIO0_500  |       1.800 |     0.001 |       0.000 |      0.001 |       NA    | Unspecified | NA         |
| VCCO_PSIO1_501  |       1.800 |     0.001 |       0.000 |      0.001 |       NA    | Unspecified | NA         |
| VCCO_PSIO2_502  |       1.800 |     0.001 |       0.000 |      0.001 |       NA    | Unspecified | NA         |
| VCCO_PSIO3_503  |       3.300 |     0.001 |       0.000 |      0.001 |       NA    | Unspecified | NA         |
| VCC_PSADC       |       1.800 |     0.002 |       0.000 |      0.002 |       NA    | Unspecified | NA         |
+-----------------+-------------+-----------+-------------+------------+-------------+-------------+------------+


1.3 Confidence Level
--------------------

+-----------------------------+------------+--------------------------------------------------------+------------------------------------------------------------------------------------------------------------+
| User Input Data             | Confidence | Details                                                | Action                                                                                                     |
+-----------------------------+------------+--------------------------------------------------------+------------------------------------------------------------------------------------------------------------+
| Design implementation state | High       | Design is routed                                       |                                                                                                            |
| Clock nodes activity        | High       | User specified more than 95% of clocks                 |                                                                                                            |
| I/O nodes activity          | Low        | More than 75% of inputs are missing user specification | Provide missing input activity with simulation results or by editing the "By Resource Type -> I/Os" view   |
| Internal nodes activity     | Medium     | User specified less than 25% of internal nodes         | Provide missing internal nodes activity with simulation results or by editing the "By Resource Type" views |
| Device models               | High       | Device models are Production                           |                                                                                                            |
|                             |            |                                                        |                                                                                                            |
| Overall confidence level    | Low        |                                                        |                                                                                                            |
+-----------------------------+------------+--------------------------------------------------------+------------------------------------------------------------------------------------------------------------+


2. Settings
-----------

2.1 Environment
---------------

+-----------------------+--------------------------+
| Ambient Temp (C)      | 25.0                     |
| ThetaJA (C/W)         | 2.4                      |
| Airflow (LFM)         | 250                      |
| Heat Sink             | medium (Medium Profile)  |
| ThetaSA (C/W)         | 5.5                      |
| Board Selection       | medium (10"x10")         |
| # of Board Layers     | 12to15 (12 to 15 Layers) |
| Board Temperature (C) | 25.0                     |
+-----------------------+--------------------------+


2.2 Clock Constraints
---------------------

+------------------------------------+--------------------------------------------------------------------------------------------------------------------------------------------------------------------------------------------------------------------+-----------------+
| Clock                              | Domain                                                                                                                                                                                                             | Constraint (ns) |
+------------------------------------+--------------------------------------------------------------------------------------------------------------------------------------------------------------------------------------------------------------------+-----------------+
| GEN_PLL_IN_IP_USP.pll0_clkout0     | design_1_wrapper_0/design_1_i/mipi_csi2_rx_subsyst_0/inst/phy/inst/inst/bd_d10d_phy_0_rx_support_i/slave_rx.bd_d10d_phy_0_rx_hssio_i/inst/top_inst/clk_rst_top_inst/clk_scheme_inst/GEN_PLL_IN_IP_USP.pll0_clkout0 |             5.6 |
| clk_pl_0                           | design_1_wrapper_0/design_1_i/zynq_ultra_ps_e_0/inst/pl_clk_unbuffered[0]                                                                                                                                          |             6.8 |
| clk_pl_1                           | design_1_wrapper_0/design_1_i/zynq_ultra_ps_e_0/inst/pl_clk1                                                                                                                                                       |             5.3 |
| clkoutphy_out                      | design_1_wrapper_0/design_1_i/mipi_csi2_rx_subsyst_0/inst/phy/inst/inst/bd_d10d_phy_0_rx_support_i/slave_rx.bd_d10d_phy_0_rx_hssio_i/inst/top_inst/clk_rst_top_inst/clk_scheme_inst/shared_pll0_clkoutphy_out      |             0.7 |
| clkoutphy_out_DIV                  | design_1_wrapper_0/design_1_i/mipi_csi2_rx_subsyst_0/inst/phy/inst/inst/bd_d10d_phy_0_rx_support_i/slave_rx.bd_d10d_phy_0_rx_hssio_i/inst/top_inst/bs_ctrl_top_inst/rx_bs0_tx_bit_ctrl_in[26]                      |             5.6 |
| mipi_phy_if_0_clk_p                | mipi_phy_if_0_clk_p                                                                                                                                                                                                |             2.7 |
| mipi_phy_if_0_clk_p_FIFO_WRCLK_OUT | design_1_wrapper_0/design_1_i/mipi_csi2_rx_subsyst_0/inst/phy/inst/inst/bd_d10d_phy_0_rx_support_i/slave_rx.bd_d10d_phy_0_rx_hssio_i/inst/top_inst/bs_top_inst/u_rx_bs/fifo_wr_clk_0                               |            10.7 |
+------------------------------------+--------------------------------------------------------------------------------------------------------------------------------------------------------------------------------------------------------------------+-----------------+


3. Detailed Reports
-------------------

3.1 By Hierarchy
----------------

+------------------------------+-----------+
| Name                         | Power (W) |
+------------------------------+-----------+
| top                          |     3.047 |
|   Th_Seg_0                   |     0.195 |
|     OUT_FIFO_U0              |     0.021 |
|       BRAM_10x65535_u0       |     0.019 |
|     Seg_u0                   |     0.137 |
|       SYN_FIFO_U0            |     0.003 |
|     max_min_h4_u0            |     0.005 |
|       max4_u0                |     0.002 |
|       min4_u0                |     0.001 |
|     max_min_v4_u0            |     0.002 |
|     peak_h_u0                |     0.002 |
|     peak_v_u0                |     0.029 |
|       INF_FIFO_U1            |     0.001 |
|   design_1_wrapper_0         |     2.837 |
|     cam0_i2c_scl_iobuf       |     0.007 |
|     cam0_i2c_sda_iobuf       |     0.007 |
|     design_1_i               |     2.755 |
|       GaussBlur_0            |     0.183 |
|       axi_interconnect_0     |     0.004 |
|       axi_vdma_0             |     0.012 |
|       axi_vdma_1             |     0.009 |
|       axi_vdma_2             |     0.020 |
|       mipi_csi2_rx_subsyst_0 |     0.105 |
|       ps8_0_axi_periph       |     0.005 |
|       v_demosaic_0           |     0.098 |
|       v_gamma_lut_0          |     0.023 |
|       v_rgb2ycrcb_0          |     0.003 |
|       zynq_ultra_ps_e_0      |     2.291 |
|     emio_tri_iobuf_0         |     0.007 |
|     emio_tri_iobuf_1         |     0.007 |
|     emio_tri_iobuf_2         |     0.007 |
|     emio_tri_iobuf_3         |     0.007 |
|     emio_tri_iobuf_4         |     0.007 |
|     emio_tri_iobuf_5         |     0.007 |
|     emio_tri_iobuf_6         |     0.007 |
|     emio_tri_iobuf_7         |     0.007 |
|     emio_tri_iobuf_8         |     0.007 |
|   uav_uart_rxd_IBUF_inst     |     0.002 |
+------------------------------+-----------+


